<?xml version="1.0" encoding="UTF-8"?>
<!-- Generated by org.testng.reporters.JUnitReportReporter -->
<testsuite hostname="mostafizurrahmans-MacBook-Pro.local" name="testcases.LoginTestWithDataProvider" tests="1" failures="0" timestamp="22 Feb 2020 16:30:41 GMT" time="3.168" errors="0">
  <testcase name="loginToAP" time="3.168" classname="testcases.LoginTestWithDataProvider"/>
</testsuite> <!-- testcases.LoginTestWithDataProvider -->
